<?xml version="1.0" encoding="UTF-8"?>
<!-- Generated by org.testng.reporters.JUnitXMLReporter -->
<testsuite ignored="0" hostname="DESKTOP-4QAJST1" failures="0" tests="4" name="Surefire test" time="0.048" errors="0" timestamp="2020-05-31T20:10:08 IST">
  <testcase classname="qaclickacademy.Mavenjava.AppiumTest" name="appium1" time="0.005"/>
  <testcase classname="qaclickacademy.Mavenjava.AppiumTest" name="appium2" time="0.0"/>
  <testcase classname="qaclickacademy.Mavenjava.SeleniumTest" name="selenium1" time="0.0"/>
  <testcase classname="qaclickacademy.Mavenjava.SeleniumTest" name="selenium2" time="0.001"/>
</testsuite> <!-- Surefire test -->
