<?xml version="1.0" encoding="UTF-8"?>
<!-- Generated by org.testng.reporters.JUnitXMLReporter -->
<testsuite ignored="0" hostname="DESKTOP-4QAJST1" failures="0" tests="4" name="Test" time="0.052" errors="0" timestamp="2020-05-31T20:49:19 IST">
  <testcase classname="qaclickacademy.Mavenjava.RestAPITest" name="RestAPITest1" time="0.005"/>
  <testcase classname="qaclickacademy.Mavenjava.RestAPITest" name="RestAPITest2" time="0.001"/>
  <testcase classname="qaclickacademy.Mavenjava.SeleniumTest" name="selenium1" time="0.0"/>
  <testcase classname="qaclickacademy.Mavenjava.SeleniumTest" name="selenium2" time="0.0"/>
</testsuite> <!-- Test -->
