<?xml version="1.0" encoding="UTF-8"?>
<testng-results ignored="0" total="4" passed="4" failed="0" skipped="0">
  <reporter-output>
  </reporter-output>
  <suite started-at="2020-05-31T20:49:19 IST" name="Suite" finished-at="2020-05-31T20:49:19 IST" duration-ms="52">
    <groups>
    </groups>
    <test started-at="2020-05-31T20:49:19 IST" name="Test" finished-at="2020-05-31T20:49:19 IST" duration-ms="52">
      <class name="qaclickacademy.Mavenjava.RestAPITest">
        <test-method signature="RestAPITest1()[pri:0, instance:qaclickacademy.Mavenjava.RestAPITest@3c87521]" started-at="2020-05-31T20:49:19 IST" name="RestAPITest1" finished-at="2020-05-31T20:49:19 IST" duration-ms="5" status="PASS">
          <reporter-output>
          </reporter-output>
        </test-method> <!-- RestAPITest1 -->
        <test-method signature="RestAPITest2()[pri:0, instance:qaclickacademy.Mavenjava.RestAPITest@3c87521]" started-at="2020-05-31T20:49:19 IST" name="RestAPITest2" finished-at="2020-05-31T20:49:19 IST" duration-ms="1" status="PASS">
          <reporter-output>
          </reporter-output>
        </test-method> <!-- RestAPITest2 -->
      </class> <!-- qaclickacademy.Mavenjava.RestAPITest -->
      <class name="qaclickacademy.Mavenjava.SeleniumTest">
        <test-method signature="selenium1()[pri:0, instance:qaclickacademy.Mavenjava.SeleniumTest@2aece37d]" started-at="2020-05-31T20:49:19 IST" name="selenium1" finished-at="2020-05-31T20:49:19 IST" duration-ms="0" status="PASS">
          <reporter-output>
          </reporter-output>
        </test-method> <!-- selenium1 -->
        <test-method signature="selenium2()[pri:0, instance:qaclickacademy.Mavenjava.SeleniumTest@2aece37d]" started-at="2020-05-31T20:49:19 IST" name="selenium2" finished-at="2020-05-31T20:49:19 IST" duration-ms="0" status="PASS">
          <reporter-output>
          </reporter-output>
        </test-method> <!-- selenium2 -->
      </class> <!-- qaclickacademy.Mavenjava.SeleniumTest -->
    </test> <!-- Test -->
  </suite> <!-- Suite -->
</testng-results>
