<?xml version="1.0" encoding="UTF-8"?>
<testng-results ignored="0" total="2" passed="2" failed="0" skipped="0">
  <reporter-output>
  </reporter-output>
  <suite started-at="2020-05-31T20:06:11 IST" name="Default suite" finished-at="2020-05-31T20:06:11 IST" duration-ms="70">
    <groups>
    </groups>
    <test started-at="2020-05-31T20:06:11 IST" name="Default test" finished-at="2020-05-31T20:06:11 IST" duration-ms="70">
      <class name="qaclickacademy.Mavenjava.Selenium">
        <test-method signature="selenium1()[pri:0, instance:qaclickacademy.Mavenjava.Selenium@71b1176b]" started-at="2020-05-31T20:06:11 IST" name="selenium1" finished-at="2020-05-31T20:06:11 IST" duration-ms="13" status="PASS">
          <reporter-output>
          </reporter-output>
        </test-method> <!-- selenium1 -->
        <test-method signature="selenium2()[pri:0, instance:qaclickacademy.Mavenjava.Selenium@71b1176b]" started-at="2020-05-31T20:06:11 IST" name="selenium2" finished-at="2020-05-31T20:06:11 IST" duration-ms="2" status="PASS">
          <reporter-output>
          </reporter-output>
        </test-method> <!-- selenium2 -->
      </class> <!-- qaclickacademy.Mavenjava.Selenium -->
    </test> <!-- Default test -->
  </suite> <!-- Default suite -->
</testng-results>
